Welcome to Abella 2.0.8-dev.
Abella < Import "order".
Importing from "order".

Abella < Define fib : nat -> nat -> prop by 
fib z z;
fib (s z) (s z);
fib (s (s N)) F := exists F1 F2, fib N F1 /\ fib (s N) F2 /\ plus F1 F2 F.

Abella < Theorem fib_three : 
forall F, fib (s (s (s z))) F -> F = s (s z).


============================
 forall F, fib (s (s (s z))) F -> F = s (s z)

fib_three < intros.

Variables: F
H1 : fib (s (s (s z))) F
============================
 F = s (s z)

fib_three < case H1.

Variables: F F2 F3
H2 : fib (s z) F2
H3 : fib (s (s z)) F3
H4 : plus F2 F3 F
============================
 F = s (s z)

fib_three < case H2.

Variables: F F3
H3 : fib (s (s z)) F3
H4 : plus (s z) F3 F
============================
 F = s (s z)

fib_three < case H3.

Variables: F F3 F1 F4
H4 : plus (s z) F3 F
H5 : fib z F1
H6 : fib (s z) F4
H7 : plus F1 F4 F3
============================
 F = s (s z)

fib_three < case H5.

Variables: F F3 F4
H4 : plus (s z) F3 F
H6 : fib (s z) F4
H7 : plus z F4 F3
============================
 F = s (s z)

fib_three < case H6.

Variables: F F3
H4 : plus (s z) F3 F
H7 : plus z (s z) F3
============================
 F = s (s z)

fib_three < case H7.

Variables: F
H4 : plus (s z) (s z) F
============================
 F = s (s z)

fib_three < case H4.

Variables: K
H8 : plus z (s z) K
============================
 s K = s (s z)

fib_three < case H8.

============================
 s (s z) = s (s z)

fib_three < search.
Proof completed.
Abella < Theorem fib_four : 
forall F, fib (s (s (s (s z)))) F -> F = s (s (s z)).


============================
 forall F, fib (s (s (s (s z)))) F -> F = s (s (s z))

fib_four < intros.

Variables: F
H1 : fib (s (s (s (s z)))) F
============================
 F = s (s (s z))

fib_four < case H1.

Variables: F F2 F3
H2 : fib (s (s z)) F2
H3 : fib (s (s (s z))) F3
H4 : plus F2 F3 F
============================
 F = s (s (s z))

fib_four < case H2.

Variables: F F2 F3 F1 F4
H3 : fib (s (s (s z))) F3
H4 : plus F2 F3 F
H5 : fib z F1
H6 : fib (s z) F4
H7 : plus F1 F4 F2
============================
 F = s (s (s z))

fib_four < case H5.

Variables: F F2 F3 F4
H3 : fib (s (s (s z))) F3
H4 : plus F2 F3 F
H6 : fib (s z) F4
H7 : plus z F4 F2
============================
 F = s (s (s z))

fib_four < case H6.

Variables: F F2 F3
H3 : fib (s (s (s z))) F3
H4 : plus F2 F3 F
H7 : plus z (s z) F2
============================
 F = s (s (s z))

fib_four < case H7.

Variables: F F3
H3 : fib (s (s (s z))) F3
H4 : plus (s z) F3 F
============================
 F = s (s (s z))

fib_four < case H3.

Variables: F F3 F5 F6
H4 : plus (s z) F3 F
H8 : fib (s z) F5
H9 : fib (s (s z)) F6
H10 : plus F5 F6 F3
============================
 F = s (s (s z))

fib_four < case H8.

Variables: F F3 F6
H4 : plus (s z) F3 F
H9 : fib (s (s z)) F6
H10 : plus (s z) F6 F3
============================
 F = s (s (s z))

fib_four < case H9.

Variables: F F3 F6 F7 F8
H4 : plus (s z) F3 F
H10 : plus (s z) F6 F3
H11 : fib z F7
H12 : fib (s z) F8
H13 : plus F7 F8 F6
============================
 F = s (s (s z))

fib_four < case H11.

Variables: F F3 F6 F8
H4 : plus (s z) F3 F
H10 : plus (s z) F6 F3
H12 : fib (s z) F8
H13 : plus z F8 F6
============================
 F = s (s (s z))

fib_four < case H12.

Variables: F F3 F6
H4 : plus (s z) F3 F
H10 : plus (s z) F6 F3
H13 : plus z (s z) F6
============================
 F = s (s (s z))

fib_four < case H13.

Variables: F F3
H4 : plus (s z) F3 F
H10 : plus (s z) (s z) F3
============================
 F = s (s (s z))

fib_four < case H10.

Variables: F K
H4 : plus (s z) (s K) F
H14 : plus z (s z) K
============================
 F = s (s (s z))

fib_four < case H14.

Variables: F
H4 : plus (s z) (s (s z)) F
============================
 F = s (s (s z))

fib_four < case H4.

Variables: K1
H15 : plus z (s (s z)) K1
============================
 s K1 = s (s (s z))

fib_four < case H15.

============================
 s (s (s z)) = s (s (s z))

fib_four < search.
Proof completed.
Abella < Theorem fib_five : 
forall F, fib (s (s (s (s (s z))))) F -> F = s (s (s (s (s z)))).


============================
 forall F, fib (s (s (s (s (s z))))) F -> F = s (s (s (s (s z))))

fib_five < intros.

Variables: F
H1 : fib (s (s (s (s (s z))))) F
============================
 F = s (s (s (s (s z))))

fib_five < case H1.

Variables: F F2 F3
H2 : fib (s (s (s z))) F2
H3 : fib (s (s (s (s z)))) F3
H4 : plus F2 F3 F
============================
 F = s (s (s (s (s z))))

fib_five < apply fib_three to H2.

Variables: F F3
H2 : fib (s (s (s z))) (s (s z))
H3 : fib (s (s (s (s z)))) F3
H4 : plus (s (s z)) F3 F
============================
 F = s (s (s (s (s z))))

fib_five < apply fib_four to H3.

Variables: F
H2 : fib (s (s (s z))) (s (s z))
H3 : fib (s (s (s (s z)))) (s (s (s z)))
H4 : plus (s (s z)) (s (s (s z))) F
============================
 F = s (s (s (s (s z))))

fib_five < case H4.

Variables: K
H2 : fib (s (s (s z))) (s (s z))
H3 : fib (s (s (s (s z)))) (s (s (s z)))
H5 : plus (s z) (s (s (s z))) K
============================
 s K = s (s (s (s (s z))))

fib_five < case H5.

Variables: K1
H2 : fib (s (s (s z))) (s (s z))
H3 : fib (s (s (s (s z)))) (s (s (s z)))
H6 : plus z (s (s (s z))) K1
============================
 s (s K1) = s (s (s (s (s z))))

fib_five < case H6.

H2 : fib (s (s (s z))) (s (s z))
H3 : fib (s (s (s (s z)))) (s (s (s z)))
============================
 s (s (s (s (s z)))) = s (s (s (s (s z))))

fib_five < search.
Proof completed.
Abella < Theorem fib_six : 
forall F, fib (s (s (s (s (s (s z)))))) F -> F =
s (s (s (s (s (s (s (s z))))))).


============================
 forall F, fib (s (s (s (s (s (s z)))))) F -> F =
 s (s (s (s (s (s (s (s z)))))))

fib_six < intros.

Variables: F
H1 : fib (s (s (s (s (s (s z)))))) F
============================
 F = s (s (s (s (s (s (s (s z)))))))

fib_six < case H1.

Variables: F F2 F3
H2 : fib (s (s (s (s z)))) F2
H3 : fib (s (s (s (s (s z))))) F3
H4 : plus F2 F3 F
============================
 F = s (s (s (s (s (s (s (s z)))))))

fib_six < apply fib_four to H2.

Variables: F F3
H2 : fib (s (s (s (s z)))) (s (s (s z)))
H3 : fib (s (s (s (s (s z))))) F3
H4 : plus (s (s (s z))) F3 F
============================
 F = s (s (s (s (s (s (s (s z)))))))

fib_six < apply fib_five to H3.

Variables: F
H2 : fib (s (s (s (s z)))) (s (s (s z)))
H3 : fib (s (s (s (s (s z))))) (s (s (s (s (s z)))))
H4 : plus (s (s (s z))) (s (s (s (s (s z))))) F
============================
 F = s (s (s (s (s (s (s (s z)))))))

fib_six < case H4.

Variables: K
H2 : fib (s (s (s (s z)))) (s (s (s z)))
H3 : fib (s (s (s (s (s z))))) (s (s (s (s (s z)))))
H5 : plus (s (s z)) (s (s (s (s (s z))))) K
============================
 s K = s (s (s (s (s (s (s (s z)))))))

fib_six < case H5.

Variables: K1
H2 : fib (s (s (s (s z)))) (s (s (s z)))
H3 : fib (s (s (s (s (s z))))) (s (s (s (s (s z)))))
H6 : plus (s z) (s (s (s (s (s z))))) K1
============================
 s (s K1) = s (s (s (s (s (s (s (s z)))))))

fib_six < case H6.

Variables: K2
H2 : fib (s (s (s (s z)))) (s (s (s z)))
H3 : fib (s (s (s (s (s z))))) (s (s (s (s (s z)))))
H7 : plus z (s (s (s (s (s z))))) K2
============================
 s (s (s K2)) = s (s (s (s (s (s (s (s z)))))))

fib_six < case H7.

H2 : fib (s (s (s (s z)))) (s (s (s z)))
H3 : fib (s (s (s (s (s z))))) (s (s (s (s (s z)))))
============================
 s (s (s (s (s (s (s (s z))))))) = s (s (s (s (s (s (s (s z)))))))

fib_six < search.
Proof completed.
Abella < Theorem fib_seven : 
forall F, fib (s (s (s (s (s (s (s z))))))) F -> F =
s (s (s (s (s (s (s (s (s (s (s (s (s z)))))))))))).


============================
 forall F, fib (s (s (s (s (s (s (s z))))))) F -> F =
 s (s (s (s (s (s (s (s (s (s (s (s (s z))))))))))))

fib_seven < intros.

Variables: F
H1 : fib (s (s (s (s (s (s (s z))))))) F
============================
 F = s (s (s (s (s (s (s (s (s (s (s (s (s z))))))))))))

fib_seven < case H1.

Variables: F F2 F3
H2 : fib (s (s (s (s (s z))))) F2
H3 : fib (s (s (s (s (s (s z)))))) F3
H4 : plus F2 F3 F
============================
 F = s (s (s (s (s (s (s (s (s (s (s (s (s z))))))))))))

fib_seven < apply fib_five to H2.

Variables: F F3
H2 : fib (s (s (s (s (s z))))) (s (s (s (s (s z)))))
H3 : fib (s (s (s (s (s (s z)))))) F3
H4 : plus (s (s (s (s (s z))))) F3 F
============================
 F = s (s (s (s (s (s (s (s (s (s (s (s (s z))))))))))))

fib_seven < apply fib_six to H3.

Variables: F
H2 : fib (s (s (s (s (s z))))) (s (s (s (s (s z)))))
H3 : fib (s (s (s (s (s (s z)))))) (s (s (s (s (s (s (s (s z))))))))
H4 : plus (s (s (s (s (s z))))) (s (s (s (s (s (s (s (s z)))))))) F
============================
 F = s (s (s (s (s (s (s (s (s (s (s (s (s z))))))))))))

fib_seven < case H4.

Variables: K
H2 : fib (s (s (s (s (s z))))) (s (s (s (s (s z)))))
H3 : fib (s (s (s (s (s (s z)))))) (s (s (s (s (s (s (s (s z))))))))
H5 : plus (s (s (s (s z)))) (s (s (s (s (s (s (s (s z)))))))) K
============================
 s K = s (s (s (s (s (s (s (s (s (s (s (s (s z))))))))))))

fib_seven < case H5.

Variables: K1
H2 : fib (s (s (s (s (s z))))) (s (s (s (s (s z)))))
H3 : fib (s (s (s (s (s (s z)))))) (s (s (s (s (s (s (s (s z))))))))
H6 : plus (s (s (s z))) (s (s (s (s (s (s (s (s z)))))))) K1
============================
 s (s K1) = s (s (s (s (s (s (s (s (s (s (s (s (s z))))))))))))

fib_seven < case H6.

Variables: K2
H2 : fib (s (s (s (s (s z))))) (s (s (s (s (s z)))))
H3 : fib (s (s (s (s (s (s z)))))) (s (s (s (s (s (s (s (s z))))))))
H7 : plus (s (s z)) (s (s (s (s (s (s (s (s z)))))))) K2
============================
 s (s (s K2)) = s (s (s (s (s (s (s (s (s (s (s (s (s z))))))))))))

fib_seven < case H7.

Variables: K3
H2 : fib (s (s (s (s (s z))))) (s (s (s (s (s z)))))
H3 : fib (s (s (s (s (s (s z)))))) (s (s (s (s (s (s (s (s z))))))))
H8 : plus (s z) (s (s (s (s (s (s (s (s z)))))))) K3
============================
 s (s (s (s K3))) = s (s (s (s (s (s (s (s (s (s (s (s (s z))))))))))))

fib_seven < case H8.

Variables: K4
H2 : fib (s (s (s (s (s z))))) (s (s (s (s (s z)))))
H3 : fib (s (s (s (s (s (s z)))))) (s (s (s (s (s (s (s (s z))))))))
H9 : plus z (s (s (s (s (s (s (s (s z)))))))) K4
============================
 s (s (s (s (s K4)))) = s (s (s (s (s (s (s (s (s (s (s (s (s z))))))))))))

fib_seven < case H9.

H2 : fib (s (s (s (s (s z))))) (s (s (s (s (s z)))))
H3 : fib (s (s (s (s (s (s z)))))) (s (s (s (s (s (s (s (s z))))))))
============================
 s (s (s (s (s (s (s (s (s (s (s (s (s z)))))))))))) =
 s (s (s (s (s (s (s (s (s (s (s (s (s z))))))))))))

fib_seven < search.
Proof completed.
Abella < Theorem fib_det : 
forall A B C, fib A B -> fib A C -> B = C.


============================
 forall A B C, fib A B -> fib A C -> B = C

fib_det < induction on 1.

IH : forall A B C, fib A B * -> fib A C -> B = C
============================
 forall A B C, fib A B @ -> fib A C -> B = C

fib_det < intros.

Variables: A B C
IH : forall A B C, fib A B * -> fib A C -> B = C
H1 : fib A B @
H2 : fib A C
============================
 B = C

fib_det < case H1.
Subgoal 1:

Variables: C
IH : forall A B C, fib A B * -> fib A C -> B = C
H2 : fib z C
============================
 z = C

Subgoal 2 is:
 s z = C

Subgoal 3 is:
 B = C

fib_det < case H2.
Subgoal 1:

IH : forall A B C, fib A B * -> fib A C -> B = C
============================
 z = z

Subgoal 2 is:
 s z = C

Subgoal 3 is:
 B = C

fib_det < search.
Subgoal 2:

Variables: C
IH : forall A B C, fib A B * -> fib A C -> B = C
H2 : fib (s z) C
============================
 s z = C

Subgoal 3 is:
 B = C

fib_det < case H2.
Subgoal 2:

IH : forall A B C, fib A B * -> fib A C -> B = C
============================
 s z = s z

Subgoal 3 is:
 B = C

fib_det < search.
Subgoal 3:

Variables: B C F1 F2 N
IH : forall A B C, fib A B * -> fib A C -> B = C
H2 : fib (s (s N)) C
H3 : fib N F1 *
H4 : fib (s N) F2 *
H5 : plus F1 F2 B
============================
 B = C

fib_det < case H2.
Subgoal 3:

Variables: B C F1 F2 N F3 F4
IH : forall A B C, fib A B * -> fib A C -> B = C
H3 : fib N F1 *
H4 : fib (s N) F2 *
H5 : plus F1 F2 B
H6 : fib N F3
H7 : fib (s N) F4
H8 : plus F3 F4 C
============================
 B = C

fib_det < apply IH to H3 H6.
Subgoal 3:

Variables: B C F2 N F3 F4
IH : forall A B C, fib A B * -> fib A C -> B = C
H3 : fib N F3 *
H4 : fib (s N) F2 *
H5 : plus F3 F2 B
H6 : fib N F3
H7 : fib (s N) F4
H8 : plus F3 F4 C
============================
 B = C

fib_det < apply IH to H4 H7.
Subgoal 3:

Variables: B C N F3 F4
IH : forall A B C, fib A B * -> fib A C -> B = C
H3 : fib N F3 *
H4 : fib (s N) F4 *
H5 : plus F3 F4 B
H6 : fib N F3
H7 : fib (s N) F4
H8 : plus F3 F4 C
============================
 B = C

fib_det < apply plus_det to H5 H8.
Subgoal 3:

Variables: C N F3 F4
IH : forall A B C, fib A B * -> fib A C -> B = C
H3 : fib N F3 *
H4 : fib (s N) F4 *
H5 : plus F3 F4 C
H6 : fib N F3
H7 : fib (s N) F4
H8 : plus F3 F4 C
============================
 C = C

fib_det < search.
Proof completed.
Abella < Theorem fib_type : 
forall N, nat N -> (forall F, fib N F -> nat F) /\
  (forall F, fib (s N) F -> nat F).


============================
 forall N, nat N -> (forall F, fib N F -> nat F) /\
   (forall F, fib (s N) F -> nat F)

fib_type < induction on 1.

IH : forall N, nat N * -> (forall F, fib N F -> nat F) /\
       (forall F, fib (s N) F -> nat F)
============================
 forall N, nat N @ -> (forall F, fib N F -> nat F) /\
   (forall F, fib (s N) F -> nat F)

fib_type < intros.

Variables: N
IH : forall N, nat N * -> (forall F, fib N F -> nat F) /\
       (forall F, fib (s N) F -> nat F)
H1 : nat N @
============================
 (forall F, fib N F -> nat F) /\ (forall F, fib (s N) F -> nat F)

fib_type < case H1.
Subgoal 1:

IH : forall N, nat N * -> (forall F, fib N F -> nat F) /\
       (forall F, fib (s N) F -> nat F)
============================
 (forall F, fib z F -> nat F) /\ (forall F, fib (s z) F -> nat F)

Subgoal 2 is:
 (forall F, fib (s N1) F -> nat F) /\ (forall F, fib (s (s N1)) F -> nat F)

fib_type < split.
Subgoal 1.1:

IH : forall N, nat N * -> (forall F, fib N F -> nat F) /\
       (forall F, fib (s N) F -> nat F)
============================
 forall F, fib z F -> nat F

Subgoal 1.2 is:
 forall F, fib (s z) F -> nat F

Subgoal 2 is:
 (forall F, fib (s N1) F -> nat F) /\ (forall F, fib (s (s N1)) F -> nat F)

fib_type < intros.
Subgoal 1.1:

Variables: F
IH : forall N, nat N * -> (forall F, fib N F -> nat F) /\
       (forall F, fib (s N) F -> nat F)
H2 : fib z F
============================
 nat F

Subgoal 1.2 is:
 forall F, fib (s z) F -> nat F

Subgoal 2 is:
 (forall F, fib (s N1) F -> nat F) /\ (forall F, fib (s (s N1)) F -> nat F)

fib_type < case H2.
Subgoal 1.1:

IH : forall N, nat N * -> (forall F, fib N F -> nat F) /\
       (forall F, fib (s N) F -> nat F)
============================
 nat z

Subgoal 1.2 is:
 forall F, fib (s z) F -> nat F

Subgoal 2 is:
 (forall F, fib (s N1) F -> nat F) /\ (forall F, fib (s (s N1)) F -> nat F)

fib_type < search.
Subgoal 1.2:

IH : forall N, nat N * -> (forall F, fib N F -> nat F) /\
       (forall F, fib (s N) F -> nat F)
============================
 forall F, fib (s z) F -> nat F

Subgoal 2 is:
 (forall F, fib (s N1) F -> nat F) /\ (forall F, fib (s (s N1)) F -> nat F)

fib_type < intros.
Subgoal 1.2:

Variables: F
IH : forall N, nat N * -> (forall F, fib N F -> nat F) /\
       (forall F, fib (s N) F -> nat F)
H2 : fib (s z) F
============================
 nat F

Subgoal 2 is:
 (forall F, fib (s N1) F -> nat F) /\ (forall F, fib (s (s N1)) F -> nat F)

fib_type < case H2.
Subgoal 1.2:

IH : forall N, nat N * -> (forall F, fib N F -> nat F) /\
       (forall F, fib (s N) F -> nat F)
============================
 nat (s z)

Subgoal 2 is:
 (forall F, fib (s N1) F -> nat F) /\ (forall F, fib (s (s N1)) F -> nat F)

fib_type < search.
Subgoal 2:

Variables: N1
IH : forall N, nat N * -> (forall F, fib N F -> nat F) /\
       (forall F, fib (s N) F -> nat F)
H2 : nat N1 *
============================
 (forall F, fib (s N1) F -> nat F) /\ (forall F, fib (s (s N1)) F -> nat F)

fib_type < apply IH to H2.
Subgoal 2:

Variables: N1
IH : forall N, nat N * -> (forall F, fib N F -> nat F) /\
       (forall F, fib (s N) F -> nat F)
H2 : nat N1 *
H3 : forall F, fib N1 F -> nat F
H4 : forall F, fib (s N1) F -> nat F
============================
 (forall F, fib (s N1) F -> nat F) /\ (forall F, fib (s (s N1)) F -> nat F)

fib_type < split.
Subgoal 2.1:

Variables: N1
IH : forall N, nat N * -> (forall F, fib N F -> nat F) /\
       (forall F, fib (s N) F -> nat F)
H2 : nat N1 *
H3 : forall F, fib N1 F -> nat F
H4 : forall F, fib (s N1) F -> nat F
============================
 forall F, fib (s N1) F -> nat F

Subgoal 2.2 is:
 forall F, fib (s (s N1)) F -> nat F

fib_type < search.
Subgoal 2.2:

Variables: N1
IH : forall N, nat N * -> (forall F, fib N F -> nat F) /\
       (forall F, fib (s N) F -> nat F)
H2 : nat N1 *
H3 : forall F, fib N1 F -> nat F
H4 : forall F, fib (s N1) F -> nat F
============================
 forall F, fib (s (s N1)) F -> nat F

fib_type < intros.
Subgoal 2.2:

Variables: N1 F
IH : forall N, nat N * -> (forall F, fib N F -> nat F) /\
       (forall F, fib (s N) F -> nat F)
H2 : nat N1 *
H3 : forall F, fib N1 F -> nat F
H4 : forall F, fib (s N1) F -> nat F
H5 : fib (s (s N1)) F
============================
 nat F

fib_type < case H5.
Subgoal 2.2:

Variables: N1 F F2 F3
IH : forall N, nat N * -> (forall F, fib N F -> nat F) /\
       (forall F, fib (s N) F -> nat F)
H2 : nat N1 *
H3 : forall F, fib N1 F -> nat F
H4 : forall F, fib (s N1) F -> nat F
H6 : fib N1 F2
H7 : fib (s N1) F3
H8 : plus F2 F3 F
============================
 nat F

fib_type < apply H3 to H6.
Subgoal 2.2:

Variables: N1 F F2 F3
IH : forall N, nat N * -> (forall F, fib N F -> nat F) /\
       (forall F, fib (s N) F -> nat F)
H2 : nat N1 *
H3 : forall F, fib N1 F -> nat F
H4 : forall F, fib (s N1) F -> nat F
H6 : fib N1 F2
H7 : fib (s N1) F3
H8 : plus F2 F3 F
H9 : nat F2
============================
 nat F

fib_type < apply H4 to H7.
Subgoal 2.2:

Variables: N1 F F2 F3
IH : forall N, nat N * -> (forall F, fib N F -> nat F) /\
       (forall F, fib (s N) F -> nat F)
H2 : nat N1 *
H3 : forall F, fib N1 F -> nat F
H4 : forall F, fib (s N1) F -> nat F
H6 : fib N1 F2
H7 : fib (s N1) F3
H8 : plus F2 F3 F
H9 : nat F2
H10 : nat F3
============================
 nat F

fib_type < apply plus_type2 to H10 H8.
Subgoal 2.2:

Variables: N1 F F2 F3
IH : forall N, nat N * -> (forall F, fib N F -> nat F) /\
       (forall F, fib (s N) F -> nat F)
H2 : nat N1 *
H3 : forall F, fib N1 F -> nat F
H4 : forall F, fib (s N1) F -> nat F
H6 : fib N1 F2
H7 : fib (s N1) F3
H8 : plus F2 F3 F
H9 : nat F2
H10 : nat F3
H11 : nat F
============================
 nat F

fib_type < search.
Proof completed.
Abella < Theorem plus_greater : 
forall X Y Z N, nat N -> nat X -> nat Y -> greater X N -> greater Y (s N) ->
  plus X Y Z -> greater Z (s (s N)).


============================
 forall X Y Z N, nat N -> nat X -> nat Y -> greater X N -> greater Y (s N) ->
   plus X Y Z -> greater Z (s (s N))

plus_greater < induction on 1.

IH : forall X Y Z N, nat N * -> nat X -> nat Y -> greater X N ->
       greater Y (s N) -> plus X Y Z -> greater Z (s (s N))
============================
 forall X Y Z N, nat N @ -> nat X -> nat Y -> greater X N ->
   greater Y (s N) -> plus X Y Z -> greater Z (s (s N))

plus_greater < intros.

Variables: X Y Z N
IH : forall X Y Z N, nat N * -> nat X -> nat Y -> greater X N ->
       greater Y (s N) -> plus X Y Z -> greater Z (s (s N))
H1 : nat N @
H2 : nat X
H3 : nat Y
H4 : greater X N
H5 : greater Y (s N)
H6 : plus X Y Z
============================
 greater Z (s (s N))

plus_greater < case H1.
Subgoal 1:

Variables: X Y Z
IH : forall X Y Z N, nat N * -> nat X -> nat Y -> greater X N ->
       greater Y (s N) -> plus X Y Z -> greater Z (s (s N))
H2 : nat X
H3 : nat Y
H4 : greater X z
H5 : greater Y (s z)
H6 : plus X Y Z
============================
 greater Z (s (s z))

Subgoal 2 is:
 greater Z (s (s (s N1)))

plus_greater < case H4.
Subgoal 1:

Variables: Y Z N1
IH : forall X Y Z N, nat N * -> nat X -> nat Y -> greater X N ->
       greater Y (s N) -> plus X Y Z -> greater Z (s (s N))
H2 : nat (s N1)
H3 : nat Y
H5 : greater Y (s z)
H6 : plus (s N1) Y Z
============================
 greater Z (s (s z))

Subgoal 2 is:
 greater Z (s (s (s N1)))

plus_greater < case H5.
Subgoal 1:

Variables: Z N1 N2
IH : forall X Y Z N, nat N * -> nat X -> nat Y -> greater X N ->
       greater Y (s N) -> plus X Y Z -> greater Z (s (s N))
H2 : nat (s N1)
H3 : nat (s N2)
H6 : plus (s N1) (s N2) Z
H7 : greater N2 z
============================
 greater Z (s (s z))

Subgoal 2 is:
 greater Z (s (s (s N1)))

plus_greater < case H6.
Subgoal 1:

Variables: N1 N2 K
IH : forall X Y Z N, nat N * -> nat X -> nat Y -> greater X N ->
       greater Y (s N) -> plus X Y Z -> greater Z (s (s N))
H2 : nat (s N1)
H3 : nat (s N2)
H7 : greater N2 z
H8 : plus N1 (s N2) K
============================
 greater (s K) (s (s z))

Subgoal 2 is:
 greater Z (s (s (s N1)))

plus_greater < case H7.
Subgoal 1:

Variables: N1 K N3
IH : forall X Y Z N, nat N * -> nat X -> nat Y -> greater X N ->
       greater Y (s N) -> plus X Y Z -> greater Z (s (s N))
H2 : nat (s N1)
H3 : nat (s (s N3))
H8 : plus N1 (s (s N3)) K
============================
 greater (s K) (s (s z))

Subgoal 2 is:
 greater Z (s (s (s N1)))

plus_greater < case H2.
Subgoal 1:

Variables: N1 K N3
IH : forall X Y Z N, nat N * -> nat X -> nat Y -> greater X N ->
       greater Y (s N) -> plus X Y Z -> greater Z (s (s N))
H3 : nat (s (s N3))
H8 : plus N1 (s (s N3)) K
H9 : nat N1
============================
 greater (s K) (s (s z))

Subgoal 2 is:
 greater Z (s (s (s N1)))

plus_greater < apply plus_type2 to H3 H8.
Subgoal 1:

Variables: N1 K N3
IH : forall X Y Z N, nat N * -> nat X -> nat Y -> greater X N ->
       greater Y (s N) -> plus X Y Z -> greater Z (s (s N))
H3 : nat (s (s N3))
H8 : plus N1 (s (s N3)) K
H9 : nat N1
H10 : nat K
============================
 greater (s K) (s (s z))

Subgoal 2 is:
 greater Z (s (s (s N1)))

plus_greater < apply plus_comm to H10 H8.
Subgoal 1:

Variables: N1 K N3
IH : forall X Y Z N, nat N * -> nat X -> nat Y -> greater X N ->
       greater Y (s N) -> plus X Y Z -> greater Z (s (s N))
H3 : nat (s (s N3))
H8 : plus N1 (s (s N3)) K
H9 : nat N1
H10 : nat K
H11 : plus (s (s N3)) N1 K
============================
 greater (s K) (s (s z))

Subgoal 2 is:
 greater Z (s (s (s N1)))

plus_greater < case H11.
Subgoal 1:

Variables: N1 N3 K1
IH : forall X Y Z N, nat N * -> nat X -> nat Y -> greater X N ->
       greater Y (s N) -> plus X Y Z -> greater Z (s (s N))
H3 : nat (s (s N3))
H8 : plus N1 (s (s N3)) (s K1)
H9 : nat N1
H10 : nat (s K1)
H12 : plus (s N3) N1 K1
============================
 greater (s (s K1)) (s (s z))

Subgoal 2 is:
 greater Z (s (s (s N1)))

plus_greater < case H12.
Subgoal 1:

Variables: N1 N3 K2
IH : forall X Y Z N, nat N * -> nat X -> nat Y -> greater X N ->
       greater Y (s N) -> plus X Y Z -> greater Z (s (s N))
H3 : nat (s (s N3))
H8 : plus N1 (s (s N3)) (s (s K2))
H9 : nat N1
H10 : nat (s (s K2))
H13 : plus N3 N1 K2
============================
 greater (s (s (s K2))) (s (s z))

Subgoal 2 is:
 greater Z (s (s (s N1)))

plus_greater < search.
Subgoal 2:

Variables: X Y Z N1
IH : forall X Y Z N, nat N * -> nat X -> nat Y -> greater X N ->
       greater Y (s N) -> plus X Y Z -> greater Z (s (s N))
H2 : nat X
H3 : nat Y
H4 : greater X (s N1)
H5 : greater Y (s (s N1))
H6 : plus X Y Z
H7 : nat N1 *
============================
 greater Z (s (s (s N1)))

plus_greater < case H4.
Subgoal 2:

Variables: Y Z N1 N2
IH : forall X Y Z N, nat N * -> nat X -> nat Y -> greater X N ->
       greater Y (s N) -> plus X Y Z -> greater Z (s (s N))
H2 : nat (s N2)
H3 : nat Y
H5 : greater Y (s (s N1))
H6 : plus (s N2) Y Z
H7 : nat N1 *
H8 : greater N2 N1
============================
 greater Z (s (s (s N1)))

plus_greater < case H5.
Subgoal 2:

Variables: Z N1 N2 N3
IH : forall X Y Z N, nat N * -> nat X -> nat Y -> greater X N ->
       greater Y (s N) -> plus X Y Z -> greater Z (s (s N))
H2 : nat (s N2)
H3 : nat (s N3)
H6 : plus (s N2) (s N3) Z
H7 : nat N1 *
H8 : greater N2 N1
H9 : greater N3 (s N1)
============================
 greater Z (s (s (s N1)))

plus_greater < case H2.
Subgoal 2:

Variables: Z N1 N2 N3
IH : forall X Y Z N, nat N * -> nat X -> nat Y -> greater X N ->
       greater Y (s N) -> plus X Y Z -> greater Z (s (s N))
H3 : nat (s N3)
H6 : plus (s N2) (s N3) Z
H7 : nat N1 *
H8 : greater N2 N1
H9 : greater N3 (s N1)
H10 : nat N2
============================
 greater Z (s (s (s N1)))

plus_greater < case H3.
Subgoal 2:

Variables: Z N1 N2 N3
IH : forall X Y Z N, nat N * -> nat X -> nat Y -> greater X N ->
       greater Y (s N) -> plus X Y Z -> greater Z (s (s N))
H6 : plus (s N2) (s N3) Z
H7 : nat N1 *
H8 : greater N2 N1
H9 : greater N3 (s N1)
H10 : nat N2
H11 : nat N3
============================
 greater Z (s (s (s N1)))

plus_greater < case H6.
Subgoal 2:

Variables: N1 N2 N3 K
IH : forall X Y Z N, nat N * -> nat X -> nat Y -> greater X N ->
       greater Y (s N) -> plus X Y Z -> greater Z (s (s N))
H7 : nat N1 *
H8 : greater N2 N1
H9 : greater N3 (s N1)
H10 : nat N2
H11 : nat N3
H12 : plus N2 (s N3) K
============================
 greater (s K) (s (s (s N1)))

plus_greater < assert nat (s N3).
Subgoal 2:

Variables: N1 N2 N3 K
IH : forall X Y Z N, nat N * -> nat X -> nat Y -> greater X N ->
       greater Y (s N) -> plus X Y Z -> greater Z (s (s N))
H7 : nat N1 *
H8 : greater N2 N1
H9 : greater N3 (s N1)
H10 : nat N2
H11 : nat N3
H12 : plus N2 (s N3) K
H13 : nat (s N3)
============================
 greater (s K) (s (s (s N1)))

plus_greater < apply plus_type2 to H13 H12.
Subgoal 2:

Variables: N1 N2 N3 K
IH : forall X Y Z N, nat N * -> nat X -> nat Y -> greater X N ->
       greater Y (s N) -> plus X Y Z -> greater Z (s (s N))
H7 : nat N1 *
H8 : greater N2 N1
H9 : greater N3 (s N1)
H10 : nat N2
H11 : nat N3
H12 : plus N2 (s N3) K
H13 : nat (s N3)
H14 : nat K
============================
 greater (s K) (s (s (s N1)))

plus_greater < apply plus_comm to H14 H12.
Subgoal 2:

Variables: N1 N2 N3 K
IH : forall X Y Z N, nat N * -> nat X -> nat Y -> greater X N ->
       greater Y (s N) -> plus X Y Z -> greater Z (s (s N))
H7 : nat N1 *
H8 : greater N2 N1
H9 : greater N3 (s N1)
H10 : nat N2
H11 : nat N3
H12 : plus N2 (s N3) K
H13 : nat (s N3)
H14 : nat K
H15 : plus (s N3) N2 K
============================
 greater (s K) (s (s (s N1)))

plus_greater < case H15.
Subgoal 2:

Variables: N1 N2 N3 K1
IH : forall X Y Z N, nat N * -> nat X -> nat Y -> greater X N ->
       greater Y (s N) -> plus X Y Z -> greater Z (s (s N))
H7 : nat N1 *
H8 : greater N2 N1
H9 : greater N3 (s N1)
H10 : nat N2
H11 : nat N3
H12 : plus N2 (s N3) (s K1)
H13 : nat (s N3)
H14 : nat (s K1)
H16 : plus N3 N2 K1
============================
 greater (s (s K1)) (s (s (s N1)))

plus_greater < case H14.
Subgoal 2:

Variables: N1 N2 N3 K1
IH : forall X Y Z N, nat N * -> nat X -> nat Y -> greater X N ->
       greater Y (s N) -> plus X Y Z -> greater Z (s (s N))
H7 : nat N1 *
H8 : greater N2 N1
H9 : greater N3 (s N1)
H10 : nat N2
H11 : nat N3
H12 : plus N2 (s N3) (s K1)
H13 : nat (s N3)
H16 : plus N3 N2 K1
H17 : nat K1
============================
 greater (s (s K1)) (s (s (s N1)))

plus_greater < apply plus_comm to H17 H16.
Subgoal 2:

Variables: N1 N2 N3 K1
IH : forall X Y Z N, nat N * -> nat X -> nat Y -> greater X N ->
       greater Y (s N) -> plus X Y Z -> greater Z (s (s N))
H7 : nat N1 *
H8 : greater N2 N1
H9 : greater N3 (s N1)
H10 : nat N2
H11 : nat N3
H12 : plus N2 (s N3) (s K1)
H13 : nat (s N3)
H16 : plus N3 N2 K1
H17 : nat K1
H18 : plus N2 N3 K1
============================
 greater (s (s K1)) (s (s (s N1)))

plus_greater < apply IH to H7 H10 H11 H8 H9 H18.
Subgoal 2:

Variables: N1 N2 N3 K1
IH : forall X Y Z N, nat N * -> nat X -> nat Y -> greater X N ->
       greater Y (s N) -> plus X Y Z -> greater Z (s (s N))
H7 : nat N1 *
H8 : greater N2 N1
H9 : greater N3 (s N1)
H10 : nat N2
H11 : nat N3
H12 : plus N2 (s N3) (s K1)
H13 : nat (s N3)
H16 : plus N3 N2 K1
H17 : nat K1
H18 : plus N2 N3 K1
H19 : greater K1 (s (s N1))
============================
 greater (s (s K1)) (s (s (s N1)))

plus_greater < unfold.
Subgoal 2:

Variables: N1 N2 N3 K1
IH : forall X Y Z N, nat N * -> nat X -> nat Y -> greater X N ->
       greater Y (s N) -> plus X Y Z -> greater Z (s (s N))
H7 : nat N1 *
H8 : greater N2 N1
H9 : greater N3 (s N1)
H10 : nat N2
H11 : nat N3
H12 : plus N2 (s N3) (s K1)
H13 : nat (s N3)
H16 : plus N3 N2 K1
H17 : nat K1
H18 : plus N2 N3 K1
H19 : greater K1 (s (s N1))
============================
 greater (s K1) (s (s N1))

plus_greater < apply greater-succ to H19.
Subgoal 2:

Variables: N1 N2 N3 K1
IH : forall X Y Z N, nat N * -> nat X -> nat Y -> greater X N ->
       greater Y (s N) -> plus X Y Z -> greater Z (s (s N))
H7 : nat N1 *
H8 : greater N2 N1
H9 : greater N3 (s N1)
H10 : nat N2
H11 : nat N3
H12 : plus N2 (s N3) (s K1)
H13 : nat (s N3)
H16 : plus N3 N2 K1
H17 : nat K1
H18 : plus N2 N3 K1
H19 : greater K1 (s (s N1))
H20 : greater (s K1) (s (s N1))
============================
 greater (s K1) (s (s N1))

plus_greater < search.
Proof completed.
Abella < Theorem fib_bounding : 
forall N, nat N ->
  (forall F, fib (s (s (s (s (s (s N)))))) F ->
       greater F (s (s (s (s (s (s N))))))) /\
  (forall F, fib (s (s (s (s (s (s (s N))))))) F ->
       greater F (s (s (s (s (s (s (s N)))))))).


============================
 forall N, nat N ->
   (forall F, fib (s (s (s (s (s (s N)))))) F ->
        greater F (s (s (s (s (s (s N))))))) /\
   (forall F, fib (s (s (s (s (s (s (s N))))))) F ->
        greater F (s (s (s (s (s (s (s N))))))))

fib_bounding < induction on 1.

IH : forall N, nat N * ->
       (forall F, fib (s (s (s (s (s (s N)))))) F ->
            greater F (s (s (s (s (s (s N))))))) /\
       (forall F, fib (s (s (s (s (s (s (s N))))))) F ->
            greater F (s (s (s (s (s (s (s N))))))))
============================
 forall N, nat N @ ->
   (forall F, fib (s (s (s (s (s (s N)))))) F ->
        greater F (s (s (s (s (s (s N))))))) /\
   (forall F, fib (s (s (s (s (s (s (s N))))))) F ->
        greater F (s (s (s (s (s (s (s N))))))))

fib_bounding < intros.

Variables: N
IH : forall N, nat N * ->
       (forall F, fib (s (s (s (s (s (s N)))))) F ->
            greater F (s (s (s (s (s (s N))))))) /\
       (forall F, fib (s (s (s (s (s (s (s N))))))) F ->
            greater F (s (s (s (s (s (s (s N))))))))
H1 : nat N @
============================
 (forall F, fib (s (s (s (s (s (s N)))))) F ->
      greater F (s (s (s (s (s (s N))))))) /\
   (forall F, fib (s (s (s (s (s (s (s N))))))) F ->
        greater F (s (s (s (s (s (s (s N))))))))

fib_bounding < case H1.
Subgoal 1:

IH : forall N, nat N * ->
       (forall F, fib (s (s (s (s (s (s N)))))) F ->
            greater F (s (s (s (s (s (s N))))))) /\
       (forall F, fib (s (s (s (s (s (s (s N))))))) F ->
            greater F (s (s (s (s (s (s (s N))))))))
============================
 (forall F, fib (s (s (s (s (s (s z)))))) F ->
      greater F (s (s (s (s (s (s z))))))) /\
   (forall F, fib (s (s (s (s (s (s (s z))))))) F ->
        greater F (s (s (s (s (s (s (s z))))))))

Subgoal 2 is:
 (forall F, fib (s (s (s (s (s (s (s N1))))))) F ->
      greater F (s (s (s (s (s (s (s N1)))))))) /\
   (forall F, fib (s (s (s (s (s (s (s (s N1)))))))) F ->
        greater F (s (s (s (s (s (s (s (s N1)))))))))

fib_bounding < split.
Subgoal 1.1:

IH : forall N, nat N * ->
       (forall F, fib (s (s (s (s (s (s N)))))) F ->
            greater F (s (s (s (s (s (s N))))))) /\
       (forall F, fib (s (s (s (s (s (s (s N))))))) F ->
            greater F (s (s (s (s (s (s (s N))))))))
============================
 forall F, fib (s (s (s (s (s (s z)))))) F ->
   greater F (s (s (s (s (s (s z))))))

Subgoal 1.2 is:
 forall F, fib (s (s (s (s (s (s (s z))))))) F ->
   greater F (s (s (s (s (s (s (s z)))))))

Subgoal 2 is:
 (forall F, fib (s (s (s (s (s (s (s N1))))))) F ->
      greater F (s (s (s (s (s (s (s N1)))))))) /\
   (forall F, fib (s (s (s (s (s (s (s (s N1)))))))) F ->
        greater F (s (s (s (s (s (s (s (s N1)))))))))

fib_bounding < intros.
Subgoal 1.1:

Variables: F
IH : forall N, nat N * ->
       (forall F, fib (s (s (s (s (s (s N)))))) F ->
            greater F (s (s (s (s (s (s N))))))) /\
       (forall F, fib (s (s (s (s (s (s (s N))))))) F ->
            greater F (s (s (s (s (s (s (s N))))))))
H2 : fib (s (s (s (s (s (s z)))))) F
============================
 greater F (s (s (s (s (s (s z))))))

Subgoal 1.2 is:
 forall F, fib (s (s (s (s (s (s (s z))))))) F ->
   greater F (s (s (s (s (s (s (s z)))))))

Subgoal 2 is:
 (forall F, fib (s (s (s (s (s (s (s N1))))))) F ->
      greater F (s (s (s (s (s (s (s N1)))))))) /\
   (forall F, fib (s (s (s (s (s (s (s (s N1)))))))) F ->
        greater F (s (s (s (s (s (s (s (s N1)))))))))

fib_bounding < apply fib_six to H2.
Subgoal 1.1:

IH : forall N, nat N * ->
       (forall F, fib (s (s (s (s (s (s N)))))) F ->
            greater F (s (s (s (s (s (s N))))))) /\
       (forall F, fib (s (s (s (s (s (s (s N))))))) F ->
            greater F (s (s (s (s (s (s (s N))))))))
H2 : fib (s (s (s (s (s (s z)))))) (s (s (s (s (s (s (s (s z))))))))
============================
 greater (s (s (s (s (s (s (s (s z)))))))) (s (s (s (s (s (s z))))))

Subgoal 1.2 is:
 forall F, fib (s (s (s (s (s (s (s z))))))) F ->
   greater F (s (s (s (s (s (s (s z)))))))

Subgoal 2 is:
 (forall F, fib (s (s (s (s (s (s (s N1))))))) F ->
      greater F (s (s (s (s (s (s (s N1)))))))) /\
   (forall F, fib (s (s (s (s (s (s (s (s N1)))))))) F ->
        greater F (s (s (s (s (s (s (s (s N1)))))))))

fib_bounding < search 10.
Subgoal 1.2:

IH : forall N, nat N * ->
       (forall F, fib (s (s (s (s (s (s N)))))) F ->
            greater F (s (s (s (s (s (s N))))))) /\
       (forall F, fib (s (s (s (s (s (s (s N))))))) F ->
            greater F (s (s (s (s (s (s (s N))))))))
============================
 forall F, fib (s (s (s (s (s (s (s z))))))) F ->
   greater F (s (s (s (s (s (s (s z)))))))

Subgoal 2 is:
 (forall F, fib (s (s (s (s (s (s (s N1))))))) F ->
      greater F (s (s (s (s (s (s (s N1)))))))) /\
   (forall F, fib (s (s (s (s (s (s (s (s N1)))))))) F ->
        greater F (s (s (s (s (s (s (s (s N1)))))))))

fib_bounding < intros.
Subgoal 1.2:

Variables: F
IH : forall N, nat N * ->
       (forall F, fib (s (s (s (s (s (s N)))))) F ->
            greater F (s (s (s (s (s (s N))))))) /\
       (forall F, fib (s (s (s (s (s (s (s N))))))) F ->
            greater F (s (s (s (s (s (s (s N))))))))
H2 : fib (s (s (s (s (s (s (s z))))))) F
============================
 greater F (s (s (s (s (s (s (s z)))))))

Subgoal 2 is:
 (forall F, fib (s (s (s (s (s (s (s N1))))))) F ->
      greater F (s (s (s (s (s (s (s N1)))))))) /\
   (forall F, fib (s (s (s (s (s (s (s (s N1)))))))) F ->
        greater F (s (s (s (s (s (s (s (s N1)))))))))

fib_bounding < apply fib_seven to H2.
Subgoal 1.2:

IH : forall N, nat N * ->
       (forall F, fib (s (s (s (s (s (s N)))))) F ->
            greater F (s (s (s (s (s (s N))))))) /\
       (forall F, fib (s (s (s (s (s (s (s N))))))) F ->
            greater F (s (s (s (s (s (s (s N))))))))
H2 : fib (s (s (s (s (s (s (s z)))))))
       (s (s (s (s (s (s (s (s (s (s (s (s (s z)))))))))))))
============================
 greater (s (s (s (s (s (s (s (s (s (s (s (s (s z)))))))))))))
   (s (s (s (s (s (s (s z)))))))

Subgoal 2 is:
 (forall F, fib (s (s (s (s (s (s (s N1))))))) F ->
      greater F (s (s (s (s (s (s (s N1)))))))) /\
   (forall F, fib (s (s (s (s (s (s (s (s N1)))))))) F ->
        greater F (s (s (s (s (s (s (s (s N1)))))))))

fib_bounding < search 10.
Subgoal 2:

Variables: N1
IH : forall N, nat N * ->
       (forall F, fib (s (s (s (s (s (s N)))))) F ->
            greater F (s (s (s (s (s (s N))))))) /\
       (forall F, fib (s (s (s (s (s (s (s N))))))) F ->
            greater F (s (s (s (s (s (s (s N))))))))
H2 : nat N1 *
============================
 (forall F, fib (s (s (s (s (s (s (s N1))))))) F ->
      greater F (s (s (s (s (s (s (s N1)))))))) /\
   (forall F, fib (s (s (s (s (s (s (s (s N1)))))))) F ->
        greater F (s (s (s (s (s (s (s (s N1)))))))))

fib_bounding < apply IH to H2.
Subgoal 2:

Variables: N1
IH : forall N, nat N * ->
       (forall F, fib (s (s (s (s (s (s N)))))) F ->
            greater F (s (s (s (s (s (s N))))))) /\
       (forall F, fib (s (s (s (s (s (s (s N))))))) F ->
            greater F (s (s (s (s (s (s (s N))))))))
H2 : nat N1 *
H3 : forall F, fib (s (s (s (s (s (s N1)))))) F ->
       greater F (s (s (s (s (s (s N1))))))
H4 : forall F, fib (s (s (s (s (s (s (s N1))))))) F ->
       greater F (s (s (s (s (s (s (s N1)))))))
============================
 (forall F, fib (s (s (s (s (s (s (s N1))))))) F ->
      greater F (s (s (s (s (s (s (s N1)))))))) /\
   (forall F, fib (s (s (s (s (s (s (s (s N1)))))))) F ->
        greater F (s (s (s (s (s (s (s (s N1)))))))))

fib_bounding < split.
Subgoal 2.1:

Variables: N1
IH : forall N, nat N * ->
       (forall F, fib (s (s (s (s (s (s N)))))) F ->
            greater F (s (s (s (s (s (s N))))))) /\
       (forall F, fib (s (s (s (s (s (s (s N))))))) F ->
            greater F (s (s (s (s (s (s (s N))))))))
H2 : nat N1 *
H3 : forall F, fib (s (s (s (s (s (s N1)))))) F ->
       greater F (s (s (s (s (s (s N1))))))
H4 : forall F, fib (s (s (s (s (s (s (s N1))))))) F ->
       greater F (s (s (s (s (s (s (s N1)))))))
============================
 forall F, fib (s (s (s (s (s (s (s N1))))))) F ->
   greater F (s (s (s (s (s (s (s N1)))))))

Subgoal 2.2 is:
 forall F, fib (s (s (s (s (s (s (s (s N1)))))))) F ->
   greater F (s (s (s (s (s (s (s (s N1))))))))

fib_bounding < search.
Subgoal 2.2:

Variables: N1
IH : forall N, nat N * ->
       (forall F, fib (s (s (s (s (s (s N)))))) F ->
            greater F (s (s (s (s (s (s N))))))) /\
       (forall F, fib (s (s (s (s (s (s (s N))))))) F ->
            greater F (s (s (s (s (s (s (s N))))))))
H2 : nat N1 *
H3 : forall F, fib (s (s (s (s (s (s N1)))))) F ->
       greater F (s (s (s (s (s (s N1))))))
H4 : forall F, fib (s (s (s (s (s (s (s N1))))))) F ->
       greater F (s (s (s (s (s (s (s N1)))))))
============================
 forall F, fib (s (s (s (s (s (s (s (s N1)))))))) F ->
   greater F (s (s (s (s (s (s (s (s N1))))))))

fib_bounding < intros.
Subgoal 2.2:

Variables: N1 F
IH : forall N, nat N * ->
       (forall F, fib (s (s (s (s (s (s N)))))) F ->
            greater F (s (s (s (s (s (s N))))))) /\
       (forall F, fib (s (s (s (s (s (s (s N))))))) F ->
            greater F (s (s (s (s (s (s (s N))))))))
H2 : nat N1 *
H3 : forall F, fib (s (s (s (s (s (s N1)))))) F ->
       greater F (s (s (s (s (s (s N1))))))
H4 : forall F, fib (s (s (s (s (s (s (s N1))))))) F ->
       greater F (s (s (s (s (s (s (s N1)))))))
H5 : fib (s (s (s (s (s (s (s (s N1)))))))) F
============================
 greater F (s (s (s (s (s (s (s (s N1))))))))

fib_bounding < case H5.
Subgoal 2.2:

Variables: N1 F F2 F3
IH : forall N, nat N * ->
       (forall F, fib (s (s (s (s (s (s N)))))) F ->
            greater F (s (s (s (s (s (s N))))))) /\
       (forall F, fib (s (s (s (s (s (s (s N))))))) F ->
            greater F (s (s (s (s (s (s (s N))))))))
H2 : nat N1 *
H3 : forall F, fib (s (s (s (s (s (s N1)))))) F ->
       greater F (s (s (s (s (s (s N1))))))
H4 : forall F, fib (s (s (s (s (s (s (s N1))))))) F ->
       greater F (s (s (s (s (s (s (s N1)))))))
H6 : fib (s (s (s (s (s (s N1)))))) F2
H7 : fib (s (s (s (s (s (s (s N1))))))) F3
H8 : plus F2 F3 F
============================
 greater F (s (s (s (s (s (s (s (s N1))))))))

fib_bounding < apply H3 to H6.
Subgoal 2.2:

Variables: N1 F F2 F3
IH : forall N, nat N * ->
       (forall F, fib (s (s (s (s (s (s N)))))) F ->
            greater F (s (s (s (s (s (s N))))))) /\
       (forall F, fib (s (s (s (s (s (s (s N))))))) F ->
            greater F (s (s (s (s (s (s (s N))))))))
H2 : nat N1 *
H3 : forall F, fib (s (s (s (s (s (s N1)))))) F ->
       greater F (s (s (s (s (s (s N1))))))
H4 : forall F, fib (s (s (s (s (s (s (s N1))))))) F ->
       greater F (s (s (s (s (s (s (s N1)))))))
H6 : fib (s (s (s (s (s (s N1)))))) F2
H7 : fib (s (s (s (s (s (s (s N1))))))) F3
H8 : plus F2 F3 F
H9 : greater F2 (s (s (s (s (s (s N1))))))
============================
 greater F (s (s (s (s (s (s (s (s N1))))))))

fib_bounding < apply H4 to H7.
Subgoal 2.2:

Variables: N1 F F2 F3
IH : forall N, nat N * ->
       (forall F, fib (s (s (s (s (s (s N)))))) F ->
            greater F (s (s (s (s (s (s N))))))) /\
       (forall F, fib (s (s (s (s (s (s (s N))))))) F ->
            greater F (s (s (s (s (s (s (s N))))))))
H2 : nat N1 *
H3 : forall F, fib (s (s (s (s (s (s N1)))))) F ->
       greater F (s (s (s (s (s (s N1))))))
H4 : forall F, fib (s (s (s (s (s (s (s N1))))))) F ->
       greater F (s (s (s (s (s (s (s N1)))))))
H6 : fib (s (s (s (s (s (s N1)))))) F2
H7 : fib (s (s (s (s (s (s (s N1))))))) F3
H8 : plus F2 F3 F
H9 : greater F2 (s (s (s (s (s (s N1))))))
H10 : greater F3 (s (s (s (s (s (s (s N1)))))))
============================
 greater F (s (s (s (s (s (s (s (s N1))))))))

fib_bounding < assert nat (s (s (s (s (s (s N1)))))).
Subgoal 2.2.1:

Variables: N1 F F2 F3
IH : forall N, nat N * ->
       (forall F, fib (s (s (s (s (s (s N)))))) F ->
            greater F (s (s (s (s (s (s N))))))) /\
       (forall F, fib (s (s (s (s (s (s (s N))))))) F ->
            greater F (s (s (s (s (s (s (s N))))))))
H2 : nat N1 *
H3 : forall F, fib (s (s (s (s (s (s N1)))))) F ->
       greater F (s (s (s (s (s (s N1))))))
H4 : forall F, fib (s (s (s (s (s (s (s N1))))))) F ->
       greater F (s (s (s (s (s (s (s N1)))))))
H6 : fib (s (s (s (s (s (s N1)))))) F2
H7 : fib (s (s (s (s (s (s (s N1))))))) F3
H8 : plus F2 F3 F
H9 : greater F2 (s (s (s (s (s (s N1))))))
H10 : greater F3 (s (s (s (s (s (s (s N1)))))))
============================
 nat (s (s (s (s (s (s N1))))))

Subgoal 2.2 is:
 greater F (s (s (s (s (s (s (s (s N1))))))))

fib_bounding < search 10.
Subgoal 2.2:

Variables: N1 F F2 F3
IH : forall N, nat N * ->
       (forall F, fib (s (s (s (s (s (s N)))))) F ->
            greater F (s (s (s (s (s (s N))))))) /\
       (forall F, fib (s (s (s (s (s (s (s N))))))) F ->
            greater F (s (s (s (s (s (s (s N))))))))
H2 : nat N1 *
H3 : forall F, fib (s (s (s (s (s (s N1)))))) F ->
       greater F (s (s (s (s (s (s N1))))))
H4 : forall F, fib (s (s (s (s (s (s (s N1))))))) F ->
       greater F (s (s (s (s (s (s (s N1)))))))
H6 : fib (s (s (s (s (s (s N1)))))) F2
H7 : fib (s (s (s (s (s (s (s N1))))))) F3
H8 : plus F2 F3 F
H9 : greater F2 (s (s (s (s (s (s N1))))))
H10 : greater F3 (s (s (s (s (s (s (s N1)))))))
H11 : nat (s (s (s (s (s (s N1))))))
============================
 greater F (s (s (s (s (s (s (s (s N1))))))))

fib_bounding < apply fib_type to H11.
Subgoal 2.2:

Variables: N1 F F2 F3
IH : forall N, nat N * ->
       (forall F, fib (s (s (s (s (s (s N)))))) F ->
            greater F (s (s (s (s (s (s N))))))) /\
       (forall F, fib (s (s (s (s (s (s (s N))))))) F ->
            greater F (s (s (s (s (s (s (s N))))))))
H2 : nat N1 *
H3 : forall F, fib (s (s (s (s (s (s N1)))))) F ->
       greater F (s (s (s (s (s (s N1))))))
H4 : forall F, fib (s (s (s (s (s (s (s N1))))))) F ->
       greater F (s (s (s (s (s (s (s N1)))))))
H6 : fib (s (s (s (s (s (s N1)))))) F2
H7 : fib (s (s (s (s (s (s (s N1))))))) F3
H8 : plus F2 F3 F
H9 : greater F2 (s (s (s (s (s (s N1))))))
H10 : greater F3 (s (s (s (s (s (s (s N1)))))))
H11 : nat (s (s (s (s (s (s N1))))))
H12 : forall F, fib (s (s (s (s (s (s N1)))))) F -> nat F
H13 : forall F, fib (s (s (s (s (s (s (s N1))))))) F -> nat F
============================
 greater F (s (s (s (s (s (s (s (s N1))))))))

fib_bounding < apply H12 to H6.
Subgoal 2.2:

Variables: N1 F F2 F3
IH : forall N, nat N * ->
       (forall F, fib (s (s (s (s (s (s N)))))) F ->
            greater F (s (s (s (s (s (s N))))))) /\
       (forall F, fib (s (s (s (s (s (s (s N))))))) F ->
            greater F (s (s (s (s (s (s (s N))))))))
H2 : nat N1 *
H3 : forall F, fib (s (s (s (s (s (s N1)))))) F ->
       greater F (s (s (s (s (s (s N1))))))
H4 : forall F, fib (s (s (s (s (s (s (s N1))))))) F ->
       greater F (s (s (s (s (s (s (s N1)))))))
H6 : fib (s (s (s (s (s (s N1)))))) F2
H7 : fib (s (s (s (s (s (s (s N1))))))) F3
H8 : plus F2 F3 F
H9 : greater F2 (s (s (s (s (s (s N1))))))
H10 : greater F3 (s (s (s (s (s (s (s N1)))))))
H11 : nat (s (s (s (s (s (s N1))))))
H12 : forall F, fib (s (s (s (s (s (s N1)))))) F -> nat F
H13 : forall F, fib (s (s (s (s (s (s (s N1))))))) F -> nat F
H14 : nat F2
============================
 greater F (s (s (s (s (s (s (s (s N1))))))))

fib_bounding < apply H13 to H7.
Subgoal 2.2:

Variables: N1 F F2 F3
IH : forall N, nat N * ->
       (forall F, fib (s (s (s (s (s (s N)))))) F ->
            greater F (s (s (s (s (s (s N))))))) /\
       (forall F, fib (s (s (s (s (s (s (s N))))))) F ->
            greater F (s (s (s (s (s (s (s N))))))))
H2 : nat N1 *
H3 : forall F, fib (s (s (s (s (s (s N1)))))) F ->
       greater F (s (s (s (s (s (s N1))))))
H4 : forall F, fib (s (s (s (s (s (s (s N1))))))) F ->
       greater F (s (s (s (s (s (s (s N1)))))))
H6 : fib (s (s (s (s (s (s N1)))))) F2
H7 : fib (s (s (s (s (s (s (s N1))))))) F3
H8 : plus F2 F3 F
H9 : greater F2 (s (s (s (s (s (s N1))))))
H10 : greater F3 (s (s (s (s (s (s (s N1)))))))
H11 : nat (s (s (s (s (s (s N1))))))
H12 : forall F, fib (s (s (s (s (s (s N1)))))) F -> nat F
H13 : forall F, fib (s (s (s (s (s (s (s N1))))))) F -> nat F
H14 : nat F2
H15 : nat F3
============================
 greater F (s (s (s (s (s (s (s (s N1))))))))

fib_bounding < apply plus_greater to H11 H14 H15 H9 H10 H8.
Subgoal 2.2:

Variables: N1 F F2 F3
IH : forall N, nat N * ->
       (forall F, fib (s (s (s (s (s (s N)))))) F ->
            greater F (s (s (s (s (s (s N))))))) /\
       (forall F, fib (s (s (s (s (s (s (s N))))))) F ->
            greater F (s (s (s (s (s (s (s N))))))))
H2 : nat N1 *
H3 : forall F, fib (s (s (s (s (s (s N1)))))) F ->
       greater F (s (s (s (s (s (s N1))))))
H4 : forall F, fib (s (s (s (s (s (s (s N1))))))) F ->
       greater F (s (s (s (s (s (s (s N1)))))))
H6 : fib (s (s (s (s (s (s N1)))))) F2
H7 : fib (s (s (s (s (s (s (s N1))))))) F3
H8 : plus F2 F3 F
H9 : greater F2 (s (s (s (s (s (s N1))))))
H10 : greater F3 (s (s (s (s (s (s (s N1)))))))
H11 : nat (s (s (s (s (s (s N1))))))
H12 : forall F, fib (s (s (s (s (s (s N1)))))) F -> nat F
H13 : forall F, fib (s (s (s (s (s (s (s N1))))))) F -> nat F
H14 : nat F2
H15 : nat F3
H16 : greater F (s (s (s (s (s (s (s (s N1))))))))
============================
 greater F (s (s (s (s (s (s (s (s N1))))))))

fib_bounding < search.
Proof completed.
Abella < Theorem only_three_solutions : 
forall N, nat N -> fib N N -> N = z \/ N = s z \/ N = s (s (s (s (s z)))).


============================
 forall N, nat N -> fib N N -> N = z \/ N = s z \/ N = s (s (s (s (s z))))

only_three_solutions < intros.

Variables: N
H1 : nat N
H2 : fib N N
============================
 N = z \/ N = s z \/ N = s (s (s (s (s z))))

only_three_solutions < assert nat (s (s (s (s (s z))))).
Subgoal 1:

Variables: N
H1 : nat N
H2 : fib N N
============================
 nat (s (s (s (s (s z)))))

Subgoal is:
 N = z \/ N = s z \/ N = s (s (s (s (s z))))

only_three_solutions < search 10.

Variables: N
H1 : nat N
H2 : fib N N
H3 : nat (s (s (s (s (s z)))))
============================
 N = z \/ N = s z \/ N = s (s (s (s (s z))))

only_three_solutions < apply trichotomy to H3.

Variables: N
H1 : nat N
H2 : fib N N
H3 : nat (s (s (s (s (s z)))))
H4 : forall M, nat M -> greater (s (s (s (s (s z))))) M \/
       s (s (s (s (s z)))) =
     M \/ less (s (s (s (s (s z))))) M
============================
 N = z \/ N = s z \/ N = s (s (s (s (s z))))

only_three_solutions < apply H4 to H1.

Variables: N
H1 : nat N
H2 : fib N N
H3 : nat (s (s (s (s (s z)))))
H4 : forall M, nat M -> greater (s (s (s (s (s z))))) M \/
       s (s (s (s (s z)))) =
     M \/ less (s (s (s (s (s z))))) M
H5 : greater (s (s (s (s (s z))))) N \/ s (s (s (s (s z)))) = N \/
       less (s (s (s (s (s z))))) N
============================
 N = z \/ N = s z \/ N = s (s (s (s (s z))))

only_three_solutions < case H5.
Subgoal 2:

Variables: N
H1 : nat N
H2 : fib N N
H3 : nat (s (s (s (s (s z)))))
H4 : forall M, nat M -> greater (s (s (s (s (s z))))) M \/
       s (s (s (s (s z)))) =
     M \/ less (s (s (s (s (s z))))) M
H6 : greater (s (s (s (s (s z))))) N
============================
 N = z \/ N = s z \/ N = s (s (s (s (s z))))

Subgoal 3 is:
 s (s (s (s (s z)))) = z \/ s (s (s (s (s z)))) = s z \/
   s (s (s (s (s z)))) =
 s (s (s (s (s z))))

Subgoal 4 is:
 N = z \/ N = s z \/ N = s (s (s (s (s z))))

only_three_solutions < case H6.
Subgoal 2.1:

H1 : nat z
H2 : fib z z
H3 : nat (s (s (s (s (s z)))))
H4 : forall M, nat M -> greater (s (s (s (s (s z))))) M \/
       s (s (s (s (s z)))) =
     M \/ less (s (s (s (s (s z))))) M
============================
 z = z \/ z = s z \/ z = s (s (s (s (s z))))

Subgoal 2.2 is:
 s M = z \/ s M = s z \/ s M = s (s (s (s (s z))))

Subgoal 3 is:
 s (s (s (s (s z)))) = z \/ s (s (s (s (s z)))) = s z \/
   s (s (s (s (s z)))) =
 s (s (s (s (s z))))

Subgoal 4 is:
 N = z \/ N = s z \/ N = s (s (s (s (s z))))

only_three_solutions < search.
Subgoal 2.2:

Variables: M
H1 : nat (s M)
H2 : fib (s M) (s M)
H3 : nat (s (s (s (s (s z)))))
H4 : forall M, nat M -> greater (s (s (s (s (s z))))) M \/
       s (s (s (s (s z)))) =
     M \/ less (s (s (s (s (s z))))) M
H7 : greater (s (s (s (s z)))) M
============================
 s M = z \/ s M = s z \/ s M = s (s (s (s (s z))))

Subgoal 3 is:
 s (s (s (s (s z)))) = z \/ s (s (s (s (s z)))) = s z \/
   s (s (s (s (s z)))) =
 s (s (s (s (s z))))

Subgoal 4 is:
 N = z \/ N = s z \/ N = s (s (s (s (s z))))

only_three_solutions < case H7.
Subgoal 2.2.1:

H1 : nat (s z)
H2 : fib (s z) (s z)
H3 : nat (s (s (s (s (s z)))))
H4 : forall M, nat M -> greater (s (s (s (s (s z))))) M \/
       s (s (s (s (s z)))) =
     M \/ less (s (s (s (s (s z))))) M
============================
 s z = z \/ s z = s z \/ s z = s (s (s (s (s z))))

Subgoal 2.2.2 is:
 s (s M1) = z \/ s (s M1) = s z \/ s (s M1) = s (s (s (s (s z))))

Subgoal 3 is:
 s (s (s (s (s z)))) = z \/ s (s (s (s (s z)))) = s z \/
   s (s (s (s (s z)))) =
 s (s (s (s (s z))))

Subgoal 4 is:
 N = z \/ N = s z \/ N = s (s (s (s (s z))))

only_three_solutions < search.
Subgoal 2.2.2:

Variables: M1
H1 : nat (s (s M1))
H2 : fib (s (s M1)) (s (s M1))
H3 : nat (s (s (s (s (s z)))))
H4 : forall M, nat M -> greater (s (s (s (s (s z))))) M \/
       s (s (s (s (s z)))) =
     M \/ less (s (s (s (s (s z))))) M
H8 : greater (s (s (s z))) M1
============================
 s (s M1) = z \/ s (s M1) = s z \/ s (s M1) = s (s (s (s (s z))))

Subgoal 3 is:
 s (s (s (s (s z)))) = z \/ s (s (s (s (s z)))) = s z \/
   s (s (s (s (s z)))) =
 s (s (s (s (s z))))

Subgoal 4 is:
 N = z \/ N = s z \/ N = s (s (s (s (s z))))

only_three_solutions < case H8.
Subgoal 2.2.2.1:

H1 : nat (s (s z))
H2 : fib (s (s z)) (s (s z))
H3 : nat (s (s (s (s (s z)))))
H4 : forall M, nat M -> greater (s (s (s (s (s z))))) M \/
       s (s (s (s (s z)))) =
     M \/ less (s (s (s (s (s z))))) M
============================
 s (s z) = z \/ s (s z) = s z \/ s (s z) = s (s (s (s (s z))))

Subgoal 2.2.2.2 is:
 s (s (s M2)) = z \/ s (s (s M2)) = s z \/ s (s (s M2)) = s (s (s (s (s z))))

Subgoal 3 is:
 s (s (s (s (s z)))) = z \/ s (s (s (s (s z)))) = s z \/
   s (s (s (s (s z)))) =
 s (s (s (s (s z))))

Subgoal 4 is:
 N = z \/ N = s z \/ N = s (s (s (s (s z))))

only_three_solutions < case H2.
Subgoal 2.2.2.1:

Variables: F1 F2
H1 : nat (s (s z))
H3 : nat (s (s (s (s (s z)))))
H4 : forall M, nat M -> greater (s (s (s (s (s z))))) M \/
       s (s (s (s (s z)))) =
     M \/ less (s (s (s (s (s z))))) M
H9 : fib z F1
H10 : fib (s z) F2
H11 : plus F1 F2 (s (s z))
============================
 s (s z) = z \/ s (s z) = s z \/ s (s z) = s (s (s (s (s z))))

Subgoal 2.2.2.2 is:
 s (s (s M2)) = z \/ s (s (s M2)) = s z \/ s (s (s M2)) = s (s (s (s (s z))))

Subgoal 3 is:
 s (s (s (s (s z)))) = z \/ s (s (s (s (s z)))) = s z \/
   s (s (s (s (s z)))) =
 s (s (s (s (s z))))

Subgoal 4 is:
 N = z \/ N = s z \/ N = s (s (s (s (s z))))

only_three_solutions < case H9.
Subgoal 2.2.2.1:

Variables: F2
H1 : nat (s (s z))
H3 : nat (s (s (s (s (s z)))))
H4 : forall M, nat M -> greater (s (s (s (s (s z))))) M \/
       s (s (s (s (s z)))) =
     M \/ less (s (s (s (s (s z))))) M
H10 : fib (s z) F2
H11 : plus z F2 (s (s z))
============================
 s (s z) = z \/ s (s z) = s z \/ s (s z) = s (s (s (s (s z))))

Subgoal 2.2.2.2 is:
 s (s (s M2)) = z \/ s (s (s M2)) = s z \/ s (s (s M2)) = s (s (s (s (s z))))

Subgoal 3 is:
 s (s (s (s (s z)))) = z \/ s (s (s (s (s z)))) = s z \/
   s (s (s (s (s z)))) =
 s (s (s (s (s z))))

Subgoal 4 is:
 N = z \/ N = s z \/ N = s (s (s (s (s z))))

only_three_solutions < case H10.
Subgoal 2.2.2.1:

H1 : nat (s (s z))
H3 : nat (s (s (s (s (s z)))))
H4 : forall M, nat M -> greater (s (s (s (s (s z))))) M \/
       s (s (s (s (s z)))) =
     M \/ less (s (s (s (s (s z))))) M
H11 : plus z (s z) (s (s z))
============================
 s (s z) = z \/ s (s z) = s z \/ s (s z) = s (s (s (s (s z))))

Subgoal 2.2.2.2 is:
 s (s (s M2)) = z \/ s (s (s M2)) = s z \/ s (s (s M2)) = s (s (s (s (s z))))

Subgoal 3 is:
 s (s (s (s (s z)))) = z \/ s (s (s (s (s z)))) = s z \/
   s (s (s (s (s z)))) =
 s (s (s (s (s z))))

Subgoal 4 is:
 N = z \/ N = s z \/ N = s (s (s (s (s z))))

only_three_solutions < case H11.
Subgoal 2.2.2.2:

Variables: M2
H1 : nat (s (s (s M2)))
H2 : fib (s (s (s M2))) (s (s (s M2)))
H3 : nat (s (s (s (s (s z)))))
H4 : forall M, nat M -> greater (s (s (s (s (s z))))) M \/
       s (s (s (s (s z)))) =
     M \/ less (s (s (s (s (s z))))) M
H9 : greater (s (s z)) M2
============================
 s (s (s M2)) = z \/ s (s (s M2)) = s z \/ s (s (s M2)) = s (s (s (s (s z))))

Subgoal 3 is:
 s (s (s (s (s z)))) = z \/ s (s (s (s (s z)))) = s z \/
   s (s (s (s (s z)))) =
 s (s (s (s (s z))))

Subgoal 4 is:
 N = z \/ N = s z \/ N = s (s (s (s (s z))))

only_three_solutions < case H9.
Subgoal 2.2.2.2.1:

H1 : nat (s (s (s z)))
H2 : fib (s (s (s z))) (s (s (s z)))
H3 : nat (s (s (s (s (s z)))))
H4 : forall M, nat M -> greater (s (s (s (s (s z))))) M \/
       s (s (s (s (s z)))) =
     M \/ less (s (s (s (s (s z))))) M
============================
 s (s (s z)) = z \/ s (s (s z)) = s z \/ s (s (s z)) = s (s (s (s (s z))))

Subgoal 2.2.2.2.2 is:
 s (s (s (s M3))) = z \/ s (s (s (s M3))) = s z \/ s (s (s (s M3))) =
 s (s (s (s (s z))))

Subgoal 3 is:
 s (s (s (s (s z)))) = z \/ s (s (s (s (s z)))) = s z \/
   s (s (s (s (s z)))) =
 s (s (s (s (s z))))

Subgoal 4 is:
 N = z \/ N = s z \/ N = s (s (s (s (s z))))

only_three_solutions < apply fib_three to H2.
Subgoal 2.2.2.2.2:

Variables: M3
H1 : nat (s (s (s (s M3))))
H2 : fib (s (s (s (s M3)))) (s (s (s (s M3))))
H3 : nat (s (s (s (s (s z)))))
H4 : forall M, nat M -> greater (s (s (s (s (s z))))) M \/
       s (s (s (s (s z)))) =
     M \/ less (s (s (s (s (s z))))) M
H10 : greater (s z) M3
============================
 s (s (s (s M3))) = z \/ s (s (s (s M3))) = s z \/ s (s (s (s M3))) =
 s (s (s (s (s z))))

Subgoal 3 is:
 s (s (s (s (s z)))) = z \/ s (s (s (s (s z)))) = s z \/
   s (s (s (s (s z)))) =
 s (s (s (s (s z))))

Subgoal 4 is:
 N = z \/ N = s z \/ N = s (s (s (s (s z))))

only_three_solutions < case H10.
Subgoal 2.2.2.2.2.1:

H1 : nat (s (s (s (s z))))
H2 : fib (s (s (s (s z)))) (s (s (s (s z))))
H3 : nat (s (s (s (s (s z)))))
H4 : forall M, nat M -> greater (s (s (s (s (s z))))) M \/
       s (s (s (s (s z)))) =
     M \/ less (s (s (s (s (s z))))) M
============================
 s (s (s (s z))) = z \/ s (s (s (s z))) = s z \/ s (s (s (s z))) =
 s (s (s (s (s z))))

Subgoal 2.2.2.2.2.2 is:
 s (s (s (s (s M4)))) = z \/ s (s (s (s (s M4)))) = s z \/
   s (s (s (s (s M4)))) =
 s (s (s (s (s z))))

Subgoal 3 is:
 s (s (s (s (s z)))) = z \/ s (s (s (s (s z)))) = s z \/
   s (s (s (s (s z)))) =
 s (s (s (s (s z))))

Subgoal 4 is:
 N = z \/ N = s z \/ N = s (s (s (s (s z))))

only_three_solutions < apply fib_four to H2.
Subgoal 2.2.2.2.2.2:

Variables: M4
H1 : nat (s (s (s (s (s M4)))))
H2 : fib (s (s (s (s (s M4))))) (s (s (s (s (s M4)))))
H3 : nat (s (s (s (s (s z)))))
H4 : forall M, nat M -> greater (s (s (s (s (s z))))) M \/
       s (s (s (s (s z)))) =
     M \/ less (s (s (s (s (s z))))) M
H11 : greater z M4
============================
 s (s (s (s (s M4)))) = z \/ s (s (s (s (s M4)))) = s z \/
   s (s (s (s (s M4)))) =
 s (s (s (s (s z))))

Subgoal 3 is:
 s (s (s (s (s z)))) = z \/ s (s (s (s (s z)))) = s z \/
   s (s (s (s (s z)))) =
 s (s (s (s (s z))))

Subgoal 4 is:
 N = z \/ N = s z \/ N = s (s (s (s (s z))))

only_three_solutions < case H11.
Subgoal 3:

H1 : nat (s (s (s (s (s z)))))
H2 : fib (s (s (s (s (s z))))) (s (s (s (s (s z)))))
H3 : nat (s (s (s (s (s z)))))
H4 : forall M, nat M -> greater (s (s (s (s (s z))))) M \/
       s (s (s (s (s z)))) =
     M \/ less (s (s (s (s (s z))))) M
============================
 s (s (s (s (s z)))) = z \/ s (s (s (s (s z)))) = s z \/
   s (s (s (s (s z)))) =
 s (s (s (s (s z))))

Subgoal 4 is:
 N = z \/ N = s z \/ N = s (s (s (s (s z))))

only_three_solutions < search.
Subgoal 4:

Variables: N
H1 : nat N
H2 : fib N N
H3 : nat (s (s (s (s (s z)))))
H4 : forall M, nat M -> greater (s (s (s (s (s z))))) M \/
       s (s (s (s (s z)))) =
     M \/ less (s (s (s (s (s z))))) M
H6 : less (s (s (s (s (s z))))) N
============================
 N = z \/ N = s z \/ N = s (s (s (s (s z))))

only_three_solutions < case H6.
Subgoal 4:

Variables: M
H1 : nat (s M)
H2 : fib (s M) (s M)
H3 : nat (s (s (s (s (s z)))))
H4 : forall M, nat M -> greater (s (s (s (s (s z))))) M \/
       s (s (s (s (s z)))) =
     M \/ less (s (s (s (s (s z))))) M
H7 : less (s (s (s (s z)))) M
============================
 s M = z \/ s M = s z \/ s M = s (s (s (s (s z))))

only_three_solutions < case H7.
Subgoal 4:

Variables: M1
H1 : nat (s (s M1))
H2 : fib (s (s M1)) (s (s M1))
H3 : nat (s (s (s (s (s z)))))
H4 : forall M, nat M -> greater (s (s (s (s (s z))))) M \/
       s (s (s (s (s z)))) =
     M \/ less (s (s (s (s (s z))))) M
H8 : less (s (s (s z))) M1
============================
 s (s M1) = z \/ s (s M1) = s z \/ s (s M1) = s (s (s (s (s z))))

only_three_solutions < case H8.
Subgoal 4:

Variables: M2
H1 : nat (s (s (s M2)))
H2 : fib (s (s (s M2))) (s (s (s M2)))
H3 : nat (s (s (s (s (s z)))))
H4 : forall M, nat M -> greater (s (s (s (s (s z))))) M \/
       s (s (s (s (s z)))) =
     M \/ less (s (s (s (s (s z))))) M
H9 : less (s (s z)) M2
============================
 s (s (s M2)) = z \/ s (s (s M2)) = s z \/ s (s (s M2)) = s (s (s (s (s z))))

only_three_solutions < case H9.
Subgoal 4:

Variables: M3
H1 : nat (s (s (s (s M3))))
H2 : fib (s (s (s (s M3)))) (s (s (s (s M3))))
H3 : nat (s (s (s (s (s z)))))
H4 : forall M, nat M -> greater (s (s (s (s (s z))))) M \/
       s (s (s (s (s z)))) =
     M \/ less (s (s (s (s (s z))))) M
H10 : less (s z) M3
============================
 s (s (s (s M3))) = z \/ s (s (s (s M3))) = s z \/ s (s (s (s M3))) =
 s (s (s (s (s z))))

only_three_solutions < case H10.
Subgoal 4:

Variables: M4
H1 : nat (s (s (s (s (s M4)))))
H2 : fib (s (s (s (s (s M4))))) (s (s (s (s (s M4)))))
H3 : nat (s (s (s (s (s z)))))
H4 : forall M, nat M -> greater (s (s (s (s (s z))))) M \/
       s (s (s (s (s z)))) =
     M \/ less (s (s (s (s (s z))))) M
H11 : less z M4
============================
 s (s (s (s (s M4)))) = z \/ s (s (s (s (s M4)))) = s z \/
   s (s (s (s (s M4)))) =
 s (s (s (s (s z))))

only_three_solutions < case H11.
Subgoal 4:

Variables: N1
H1 : nat (s (s (s (s (s (s N1))))))
H2 : fib (s (s (s (s (s (s N1)))))) (s (s (s (s (s (s N1))))))
H3 : nat (s (s (s (s (s z)))))
H4 : forall M, nat M -> greater (s (s (s (s (s z))))) M \/
       s (s (s (s (s z)))) =
     M \/ less (s (s (s (s (s z))))) M
============================
 s (s (s (s (s (s N1))))) = z \/ s (s (s (s (s (s N1))))) = s z \/
   s (s (s (s (s (s N1))))) =
 s (s (s (s (s z))))

only_three_solutions < case H1.
Subgoal 4:

Variables: N1
H2 : fib (s (s (s (s (s (s N1)))))) (s (s (s (s (s (s N1))))))
H3 : nat (s (s (s (s (s z)))))
H4 : forall M, nat M -> greater (s (s (s (s (s z))))) M \/
       s (s (s (s (s z)))) =
     M \/ less (s (s (s (s (s z))))) M
H12 : nat (s (s (s (s (s N1)))))
============================
 s (s (s (s (s (s N1))))) = z \/ s (s (s (s (s (s N1))))) = s z \/
   s (s (s (s (s (s N1))))) =
 s (s (s (s (s z))))

only_three_solutions < case H12.
Subgoal 4:

Variables: N1
H2 : fib (s (s (s (s (s (s N1)))))) (s (s (s (s (s (s N1))))))
H3 : nat (s (s (s (s (s z)))))
H4 : forall M, nat M -> greater (s (s (s (s (s z))))) M \/
       s (s (s (s (s z)))) =
     M \/ less (s (s (s (s (s z))))) M
H13 : nat (s (s (s (s N1))))
============================
 s (s (s (s (s (s N1))))) = z \/ s (s (s (s (s (s N1))))) = s z \/
   s (s (s (s (s (s N1))))) =
 s (s (s (s (s z))))

only_three_solutions < case H13.
Subgoal 4:

Variables: N1
H2 : fib (s (s (s (s (s (s N1)))))) (s (s (s (s (s (s N1))))))
H3 : nat (s (s (s (s (s z)))))
H4 : forall M, nat M -> greater (s (s (s (s (s z))))) M \/
       s (s (s (s (s z)))) =
     M \/ less (s (s (s (s (s z))))) M
H14 : nat (s (s (s N1)))
============================
 s (s (s (s (s (s N1))))) = z \/ s (s (s (s (s (s N1))))) = s z \/
   s (s (s (s (s (s N1))))) =
 s (s (s (s (s z))))

only_three_solutions < case H14.
Subgoal 4:

Variables: N1
H2 : fib (s (s (s (s (s (s N1)))))) (s (s (s (s (s (s N1))))))
H3 : nat (s (s (s (s (s z)))))
H4 : forall M, nat M -> greater (s (s (s (s (s z))))) M \/
       s (s (s (s (s z)))) =
     M \/ less (s (s (s (s (s z))))) M
H15 : nat (s (s N1))
============================
 s (s (s (s (s (s N1))))) = z \/ s (s (s (s (s (s N1))))) = s z \/
   s (s (s (s (s (s N1))))) =
 s (s (s (s (s z))))

only_three_solutions < case H15.
Subgoal 4:

Variables: N1
H2 : fib (s (s (s (s (s (s N1)))))) (s (s (s (s (s (s N1))))))
H3 : nat (s (s (s (s (s z)))))
H4 : forall M, nat M -> greater (s (s (s (s (s z))))) M \/
       s (s (s (s (s z)))) =
     M \/ less (s (s (s (s (s z))))) M
H16 : nat (s N1)
============================
 s (s (s (s (s (s N1))))) = z \/ s (s (s (s (s (s N1))))) = s z \/
   s (s (s (s (s (s N1))))) =
 s (s (s (s (s z))))

only_three_solutions < case H16.
Subgoal 4:

Variables: N1
H2 : fib (s (s (s (s (s (s N1)))))) (s (s (s (s (s (s N1))))))
H3 : nat (s (s (s (s (s z)))))
H4 : forall M, nat M -> greater (s (s (s (s (s z))))) M \/
       s (s (s (s (s z)))) =
     M \/ less (s (s (s (s (s z))))) M
H17 : nat N1
============================
 s (s (s (s (s (s N1))))) = z \/ s (s (s (s (s (s N1))))) = s z \/
   s (s (s (s (s (s N1))))) =
 s (s (s (s (s z))))

only_three_solutions < apply fib_bounding to H17.
Subgoal 4:

Variables: N1
H2 : fib (s (s (s (s (s (s N1)))))) (s (s (s (s (s (s N1))))))
H3 : nat (s (s (s (s (s z)))))
H4 : forall M, nat M -> greater (s (s (s (s (s z))))) M \/
       s (s (s (s (s z)))) =
     M \/ less (s (s (s (s (s z))))) M
H17 : nat N1
H18 : forall F, fib (s (s (s (s (s (s N1)))))) F ->
        greater F (s (s (s (s (s (s N1))))))
H19 : forall F, fib (s (s (s (s (s (s (s N1))))))) F ->
        greater F (s (s (s (s (s (s (s N1)))))))
============================
 s (s (s (s (s (s N1))))) = z \/ s (s (s (s (s (s N1))))) = s z \/
   s (s (s (s (s (s N1))))) =
 s (s (s (s (s z))))

only_three_solutions < apply H18 to H2.
Subgoal 4:

Variables: N1
H2 : fib (s (s (s (s (s (s N1)))))) (s (s (s (s (s (s N1))))))
H3 : nat (s (s (s (s (s z)))))
H4 : forall M, nat M -> greater (s (s (s (s (s z))))) M \/
       s (s (s (s (s z)))) =
     M \/ less (s (s (s (s (s z))))) M
H17 : nat N1
H18 : forall F, fib (s (s (s (s (s (s N1)))))) F ->
        greater F (s (s (s (s (s (s N1))))))
H19 : forall F, fib (s (s (s (s (s (s (s N1))))))) F ->
        greater F (s (s (s (s (s (s (s N1)))))))
H20 : greater (s (s (s (s (s (s N1)))))) (s (s (s (s (s (s N1))))))
============================
 s (s (s (s (s (s N1))))) = z \/ s (s (s (s (s (s N1))))) = s z \/
   s (s (s (s (s (s N1))))) =
 s (s (s (s (s z))))

only_three_solutions < assert s (s (s (s (s (s N1))))) = s (s (s (s (s (s N1))))).
Subgoal 4:

Variables: N1
H2 : fib (s (s (s (s (s (s N1)))))) (s (s (s (s (s (s N1))))))
H3 : nat (s (s (s (s (s z)))))
H4 : forall M, nat M -> greater (s (s (s (s (s z))))) M \/
       s (s (s (s (s z)))) =
     M \/ less (s (s (s (s (s z))))) M
H17 : nat N1
H18 : forall F, fib (s (s (s (s (s (s N1)))))) F ->
        greater F (s (s (s (s (s (s N1))))))
H19 : forall F, fib (s (s (s (s (s (s (s N1))))))) F ->
        greater F (s (s (s (s (s (s (s N1)))))))
H20 : greater (s (s (s (s (s (s N1)))))) (s (s (s (s (s (s N1))))))
H21 : s (s (s (s (s (s N1))))) = s (s (s (s (s (s N1)))))
============================
 s (s (s (s (s (s N1))))) = z \/ s (s (s (s (s (s N1))))) = s z \/
   s (s (s (s (s (s N1))))) =
 s (s (s (s (s z))))

only_three_solutions < assert nat (s (s (s (s (s (s N1)))))).
Subgoal 4.1:

Variables: N1
H2 : fib (s (s (s (s (s (s N1)))))) (s (s (s (s (s (s N1))))))
H3 : nat (s (s (s (s (s z)))))
H4 : forall M, nat M -> greater (s (s (s (s (s z))))) M \/
       s (s (s (s (s z)))) =
     M \/ less (s (s (s (s (s z))))) M
H17 : nat N1
H18 : forall F, fib (s (s (s (s (s (s N1)))))) F ->
        greater F (s (s (s (s (s (s N1))))))
H19 : forall F, fib (s (s (s (s (s (s (s N1))))))) F ->
        greater F (s (s (s (s (s (s (s N1)))))))
H20 : greater (s (s (s (s (s (s N1)))))) (s (s (s (s (s (s N1))))))
H21 : s (s (s (s (s (s N1))))) = s (s (s (s (s (s N1)))))
============================
 nat (s (s (s (s (s (s N1))))))

Subgoal 4 is:
 s (s (s (s (s (s N1))))) = z \/ s (s (s (s (s (s N1))))) = s z \/
   s (s (s (s (s (s N1))))) =
 s (s (s (s (s z))))

only_three_solutions < search 10.
Subgoal 4:

Variables: N1
H2 : fib (s (s (s (s (s (s N1)))))) (s (s (s (s (s (s N1))))))
H3 : nat (s (s (s (s (s z)))))
H4 : forall M, nat M -> greater (s (s (s (s (s z))))) M \/
       s (s (s (s (s z)))) =
     M \/ less (s (s (s (s (s z))))) M
H17 : nat N1
H18 : forall F, fib (s (s (s (s (s (s N1)))))) F ->
        greater F (s (s (s (s (s (s N1))))))
H19 : forall F, fib (s (s (s (s (s (s (s N1))))))) F ->
        greater F (s (s (s (s (s (s (s N1)))))))
H20 : greater (s (s (s (s (s (s N1)))))) (s (s (s (s (s (s N1))))))
H21 : s (s (s (s (s (s N1))))) = s (s (s (s (s (s N1)))))
H22 : nat (s (s (s (s (s (s N1))))))
============================
 s (s (s (s (s (s N1))))) = z \/ s (s (s (s (s (s N1))))) = s z \/
   s (s (s (s (s (s N1))))) =
 s (s (s (s (s z))))

only_three_solutions < apply trichotomyC to H22 H22 H20 H21.
Proof completed.
Abella < 